/home/mayank/Documents/dcist-modeling-human-traits-trial-environment/install/webots_ros2_turtlebot/lib/python3.8/site-packages/webots_ros2_turtlebot/__init__.py
/home/mayank/Documents/dcist-modeling-human-traits-trial-environment/install/webots_ros2_turtlebot/lib/python3.8/site-packages/webots_ros2_turtlebot/turtlebot_driver.py
/home/mayank/Documents/dcist-modeling-human-traits-trial-environment/install/webots_ros2_turtlebot/lib/python3.8/site-packages/webots_ros2_turtlebot/__pycache__/__init__.cpython-38.pyc
/home/mayank/Documents/dcist-modeling-human-traits-trial-environment/install/webots_ros2_turtlebot/lib/python3.8/site-packages/webots_ros2_turtlebot/__pycache__/turtlebot_driver.cpython-38.pyc
/home/mayank/Documents/dcist-modeling-human-traits-trial-environment/install/webots_ros2_turtlebot/share/ament_index/resource_index/packages/webots_ros2_turtlebot
/home/mayank/Documents/dcist-modeling-human-traits-trial-environment/install/webots_ros2_turtlebot/share/webots_ros2_turtlebot/robot_launch.py
/home/mayank/Documents/dcist-modeling-human-traits-trial-environment/install/webots_ros2_turtlebot/share/webots_ros2_turtlebot/resource/turtlebot3_burger_example_map.pgm
/home/mayank/Documents/dcist-modeling-human-traits-trial-environment/install/webots_ros2_turtlebot/share/webots_ros2_turtlebot/resource/turtlebot3_burger_example_map.yaml
/home/mayank/Documents/dcist-modeling-human-traits-trial-environment/install/webots_ros2_turtlebot/share/webots_ros2_turtlebot/protos/TurtleBot3Burger_enu.proto
/home/mayank/Documents/dcist-modeling-human-traits-trial-environment/install/webots_ros2_turtlebot/share/webots_ros2_turtlebot/protos/textures
/home/mayank/Documents/dcist-modeling-human-traits-trial-environment/install/webots_ros2_turtlebot/share/webots_ros2_turtlebot/worlds/turtlebot3_burger_example.wbt
/home/mayank/Documents/dcist-modeling-human-traits-trial-environment/install/webots_ros2_turtlebot/share/webots_ros2_turtlebot/worlds/.turtlebot3_burger_example.wbproj
/home/mayank/Documents/dcist-modeling-human-traits-trial-environment/install/webots_ros2_turtlebot/share/webots_ros2_turtlebot/package.xml
/home/mayank/Documents/dcist-modeling-human-traits-trial-environment/install/webots_ros2_turtlebot/lib/python3.8/site-packages/webots_ros2_turtlebot-1.0.5-py3.8.egg-info/entry_points.txt
/home/mayank/Documents/dcist-modeling-human-traits-trial-environment/install/webots_ros2_turtlebot/lib/python3.8/site-packages/webots_ros2_turtlebot-1.0.5-py3.8.egg-info/dependency_links.txt
/home/mayank/Documents/dcist-modeling-human-traits-trial-environment/install/webots_ros2_turtlebot/lib/python3.8/site-packages/webots_ros2_turtlebot-1.0.5-py3.8.egg-info/requires.txt
/home/mayank/Documents/dcist-modeling-human-traits-trial-environment/install/webots_ros2_turtlebot/lib/python3.8/site-packages/webots_ros2_turtlebot-1.0.5-py3.8.egg-info/top_level.txt
/home/mayank/Documents/dcist-modeling-human-traits-trial-environment/install/webots_ros2_turtlebot/lib/python3.8/site-packages/webots_ros2_turtlebot-1.0.5-py3.8.egg-info/SOURCES.txt
/home/mayank/Documents/dcist-modeling-human-traits-trial-environment/install/webots_ros2_turtlebot/lib/python3.8/site-packages/webots_ros2_turtlebot-1.0.5-py3.8.egg-info/PKG-INFO
/home/mayank/Documents/dcist-modeling-human-traits-trial-environment/install/webots_ros2_turtlebot/lib/python3.8/site-packages/webots_ros2_turtlebot-1.0.5-py3.8.egg-info/zip-safe
/home/mayank/Documents/dcist-modeling-human-traits-trial-environment/install/webots_ros2_turtlebot/lib/webots_ros2_turtlebot/turtlebot_driver
