[0.261s] DEBUG:colcon:Command line arguments: ['/usr/bin/colcon', 'build']
[0.261s] DEBUG:colcon:Parsed command line arguments: Namespace(ament_cmake_args=None, base_paths=['.'], build_base='build', catkin_cmake_args=None, catkin_skip_building_tests=False, cmake_args=None, cmake_clean_cache=False, cmake_clean_first=False, cmake_force_configure=False, cmake_target=None, cmake_target_skip_unavailable=False, continue_on_error=False, event_handlers=None, executor='parallel', ignore_user_meta=False, install_base='install', log_base=None, log_level=None, main=<bound method BuildVerb.main of <colcon_core.verb.build.BuildVerb object at 0x7f84e129ca00>>, merge_install=False, metas=['./colcon.meta'], packages_above=None, packages_above_and_dependencies=None, packages_above_depth=None, packages_end=None, packages_ignore=None, packages_ignore_regex=None, packages_select=None, packages_select_build_failed=False, packages_select_by_dep=None, packages_select_regex=None, packages_select_test_failures=False, packages_skip=None, packages_skip_build_finished=False, packages_skip_by_dep=None, packages_skip_regex=None, packages_skip_test_passed=False, packages_skip_up_to=None, packages_start=None, packages_up_to=None, packages_up_to_regex=None, parallel_workers=8, paths=None, symlink_install=False, test_result_base=None, verb_extension=<colcon_core.verb.build.BuildVerb object at 0x7f84e129ca00>, verb_name='build', verb_parser=<colcon_defaults.argument_parser.defaults.DefaultArgumentsDecorator object at 0x7f84e129cf40>)
[0.273s] Level 1:colcon.colcon_core.package_discovery:discover_packages(colcon_meta) check parameters
[0.273s] Level 1:colcon.colcon_core.package_discovery:discover_packages(recursive) check parameters
[0.273s] Level 1:colcon.colcon_core.package_discovery:discover_packages(ignore) check parameters
[0.273s] Level 1:colcon.colcon_core.package_discovery:discover_packages(path) check parameters
[0.273s] Level 1:colcon.colcon_core.package_discovery:discover_packages(colcon_meta) discover
[0.274s] Level 1:colcon.colcon_core.package_discovery:discover_packages(recursive) discover
[0.274s] INFO:colcon.colcon_core.package_discovery:Crawling recursively for packages in '/home/mayank/Documents/dcist-modeling-human-traits-trial-environment'
[0.274s] Level 1:colcon.colcon_core.package_identification:_identify(.) by extensions ['ignore', 'ignore_ament_install']
[0.274s] Level 1:colcon.colcon_core.package_identification:_identify(.) by extension 'ignore'
[0.274s] Level 1:colcon.colcon_core.package_identification:_identify(.) by extension 'ignore_ament_install'
[0.274s] Level 1:colcon.colcon_core.package_identification:_identify(.) by extensions ['colcon_pkg']
[0.274s] Level 1:colcon.colcon_core.package_identification:_identify(.) by extension 'colcon_pkg'
[0.274s] Level 1:colcon.colcon_core.package_identification:_identify(.) by extensions ['colcon_meta']
[0.274s] Level 1:colcon.colcon_core.package_identification:_identify(.) by extension 'colcon_meta'
[0.274s] Level 1:colcon.colcon_core.package_identification:_identify(.) by extensions ['ros']
[0.274s] Level 1:colcon.colcon_core.package_identification:_identify(.) by extension 'ros'
[0.284s] Level 1:colcon.colcon_core.package_identification:_identify(.) by extensions ['cmake', 'python']
[0.285s] Level 1:colcon.colcon_core.package_identification:_identify(.) by extension 'cmake'
[0.285s] Level 1:colcon.colcon_core.package_identification:_identify(.) by extension 'python'
[0.285s] Level 1:colcon.colcon_core.package_identification:_identify(.) by extensions ['python_setup_py']
[0.285s] Level 1:colcon.colcon_core.package_identification:_identify(.) by extension 'python_setup_py'
[0.285s] Level 1:colcon.colcon_core.package_identification:_identify(build) by extensions ['ignore', 'ignore_ament_install']
[0.285s] Level 1:colcon.colcon_core.package_identification:_identify(build) by extension 'ignore'
[0.285s] Level 1:colcon.colcon_core.package_identification:_identify(build) ignored
[0.285s] Level 1:colcon.colcon_core.package_identification:_identify(install) by extensions ['ignore', 'ignore_ament_install']
[0.285s] Level 1:colcon.colcon_core.package_identification:_identify(install) by extension 'ignore'
[0.285s] Level 1:colcon.colcon_core.package_identification:_identify(install) ignored
[0.285s] Level 1:colcon.colcon_core.package_identification:_identify(log) by extensions ['ignore', 'ignore_ament_install']
[0.285s] Level 1:colcon.colcon_core.package_identification:_identify(log) by extension 'ignore'
[0.285s] Level 1:colcon.colcon_core.package_identification:_identify(log) ignored
[0.285s] Level 1:colcon.colcon_core.package_identification:_identify(src) by extensions ['ignore', 'ignore_ament_install']
[0.285s] Level 1:colcon.colcon_core.package_identification:_identify(src) by extension 'ignore'
[0.285s] Level 1:colcon.colcon_core.package_identification:_identify(src) by extension 'ignore_ament_install'
[0.285s] Level 1:colcon.colcon_core.package_identification:_identify(src) by extensions ['colcon_pkg']
[0.285s] Level 1:colcon.colcon_core.package_identification:_identify(src) by extension 'colcon_pkg'
[0.286s] Level 1:colcon.colcon_core.package_identification:_identify(src) by extensions ['colcon_meta']
[0.286s] Level 1:colcon.colcon_core.package_identification:_identify(src) by extension 'colcon_meta'
[0.286s] Level 1:colcon.colcon_core.package_identification:_identify(src) by extensions ['ros']
[0.286s] Level 1:colcon.colcon_core.package_identification:_identify(src) by extension 'ros'
[0.286s] Level 1:colcon.colcon_core.package_identification:_identify(src) by extensions ['cmake', 'python']
[0.286s] Level 1:colcon.colcon_core.package_identification:_identify(src) by extension 'cmake'
[0.286s] Level 1:colcon.colcon_core.package_identification:_identify(src) by extension 'python'
[0.286s] Level 1:colcon.colcon_core.package_identification:_identify(src) by extensions ['python_setup_py']
[0.286s] Level 1:colcon.colcon_core.package_identification:_identify(src) by extension 'python_setup_py'
[0.286s] Level 1:colcon.colcon_core.package_identification:_identify(src/webots_ros2_turtlebot) by extensions ['ignore', 'ignore_ament_install']
[0.286s] Level 1:colcon.colcon_core.package_identification:_identify(src/webots_ros2_turtlebot) by extension 'ignore'
[0.286s] Level 1:colcon.colcon_core.package_identification:_identify(src/webots_ros2_turtlebot) by extension 'ignore_ament_install'
[0.286s] Level 1:colcon.colcon_core.package_identification:_identify(src/webots_ros2_turtlebot) by extensions ['colcon_pkg']
[0.286s] Level 1:colcon.colcon_core.package_identification:_identify(src/webots_ros2_turtlebot) by extension 'colcon_pkg'
[0.286s] Level 1:colcon.colcon_core.package_identification:_identify(src/webots_ros2_turtlebot) by extensions ['colcon_meta']
[0.286s] Level 1:colcon.colcon_core.package_identification:_identify(src/webots_ros2_turtlebot) by extension 'colcon_meta'
[0.286s] Level 1:colcon.colcon_core.package_identification:_identify(src/webots_ros2_turtlebot) by extensions ['ros']
[0.286s] Level 1:colcon.colcon_core.package_identification:_identify(src/webots_ros2_turtlebot) by extension 'ros'
[0.289s] DEBUG:colcon.colcon_core.package_identification:Package 'src/webots_ros2_turtlebot' with type 'ros.ament_python' and name 'webots_ros2_turtlebot'
[0.289s] Level 1:colcon.colcon_core.package_identification:_identify(ui) by extensions ['ignore', 'ignore_ament_install']
[0.289s] Level 1:colcon.colcon_core.package_identification:_identify(ui) by extension 'ignore'
[0.289s] Level 1:colcon.colcon_core.package_identification:_identify(ui) by extension 'ignore_ament_install'
[0.289s] Level 1:colcon.colcon_core.package_identification:_identify(ui) by extensions ['colcon_pkg']
[0.289s] Level 1:colcon.colcon_core.package_identification:_identify(ui) by extension 'colcon_pkg'
[0.289s] Level 1:colcon.colcon_core.package_identification:_identify(ui) by extensions ['colcon_meta']
[0.289s] Level 1:colcon.colcon_core.package_identification:_identify(ui) by extension 'colcon_meta'
[0.289s] Level 1:colcon.colcon_core.package_identification:_identify(ui) by extensions ['ros']
[0.289s] Level 1:colcon.colcon_core.package_identification:_identify(ui) by extension 'ros'
[0.289s] Level 1:colcon.colcon_core.package_identification:_identify(ui) by extensions ['cmake', 'python']
[0.289s] Level 1:colcon.colcon_core.package_identification:_identify(ui) by extension 'cmake'
[0.289s] Level 1:colcon.colcon_core.package_identification:_identify(ui) by extension 'python'
[0.289s] Level 1:colcon.colcon_core.package_identification:_identify(ui) by extensions ['python_setup_py']
[0.289s] Level 1:colcon.colcon_core.package_identification:_identify(ui) by extension 'python_setup_py'
[0.289s] Level 1:colcon.colcon_core.package_identification:_identify(ui/common) by extensions ['ignore', 'ignore_ament_install']
[0.289s] Level 1:colcon.colcon_core.package_identification:_identify(ui/common) by extension 'ignore'
[0.289s] Level 1:colcon.colcon_core.package_identification:_identify(ui/common) by extension 'ignore_ament_install'
[0.289s] Level 1:colcon.colcon_core.package_identification:_identify(ui/common) by extensions ['colcon_pkg']
[0.289s] Level 1:colcon.colcon_core.package_identification:_identify(ui/common) by extension 'colcon_pkg'
[0.289s] Level 1:colcon.colcon_core.package_identification:_identify(ui/common) by extensions ['colcon_meta']
[0.289s] Level 1:colcon.colcon_core.package_identification:_identify(ui/common) by extension 'colcon_meta'
[0.290s] Level 1:colcon.colcon_core.package_identification:_identify(ui/common) by extensions ['ros']
[0.290s] Level 1:colcon.colcon_core.package_identification:_identify(ui/common) by extension 'ros'
[0.290s] Level 1:colcon.colcon_core.package_identification:_identify(ui/common) by extensions ['cmake', 'python']
[0.290s] Level 1:colcon.colcon_core.package_identification:_identify(ui/common) by extension 'cmake'
[0.290s] Level 1:colcon.colcon_core.package_identification:_identify(ui/common) by extension 'python'
[0.290s] Level 1:colcon.colcon_core.package_identification:_identify(ui/common) by extensions ['python_setup_py']
[0.290s] Level 1:colcon.colcon_core.package_identification:_identify(ui/common) by extension 'python_setup_py'
[0.290s] Level 1:colcon.colcon_core.package_discovery:discover_packages(recursive) using defaults
[0.290s] Level 1:colcon.colcon_core.package_discovery:discover_packages(ignore) discover
[0.290s] Level 1:colcon.colcon_core.package_discovery:discover_packages(ignore) using defaults
[0.290s] Level 1:colcon.colcon_core.package_discovery:discover_packages(path) discover
[0.290s] Level 1:colcon.colcon_core.package_discovery:discover_packages(path) using defaults
[0.322s] Level 5:colcon.colcon_core.verb:set package 'webots_ros2_turtlebot' build argument 'cmake_args' from command line to 'None'
[0.322s] Level 5:colcon.colcon_core.verb:set package 'webots_ros2_turtlebot' build argument 'cmake_target' from command line to 'None'
[0.322s] Level 5:colcon.colcon_core.verb:set package 'webots_ros2_turtlebot' build argument 'cmake_target_skip_unavailable' from command line to 'False'
[0.322s] Level 5:colcon.colcon_core.verb:set package 'webots_ros2_turtlebot' build argument 'cmake_clean_cache' from command line to 'False'
[0.322s] Level 5:colcon.colcon_core.verb:set package 'webots_ros2_turtlebot' build argument 'cmake_clean_first' from command line to 'False'
[0.322s] Level 5:colcon.colcon_core.verb:set package 'webots_ros2_turtlebot' build argument 'cmake_force_configure' from command line to 'False'
[0.322s] Level 5:colcon.colcon_core.verb:set package 'webots_ros2_turtlebot' build argument 'ament_cmake_args' from command line to 'None'
[0.322s] Level 5:colcon.colcon_core.verb:set package 'webots_ros2_turtlebot' build argument 'catkin_cmake_args' from command line to 'None'
[0.322s] Level 5:colcon.colcon_core.verb:set package 'webots_ros2_turtlebot' build argument 'catkin_skip_building_tests' from command line to 'False'
[0.322s] DEBUG:colcon.colcon_core.verb:Building package 'webots_ros2_turtlebot' with the following arguments: {'ament_cmake_args': None, 'build_base': '/home/mayank/Documents/dcist-modeling-human-traits-trial-environment/build/webots_ros2_turtlebot', 'catkin_cmake_args': None, 'catkin_skip_building_tests': False, 'cmake_args': None, 'cmake_clean_cache': False, 'cmake_clean_first': False, 'cmake_force_configure': False, 'cmake_target': None, 'cmake_target_skip_unavailable': False, 'install_base': '/home/mayank/Documents/dcist-modeling-human-traits-trial-environment/install/webots_ros2_turtlebot', 'merge_install': False, 'path': '/home/mayank/Documents/dcist-modeling-human-traits-trial-environment/src/webots_ros2_turtlebot', 'symlink_install': False, 'test_result_base': None}
[0.323s] INFO:colcon.colcon_core.executor:Executing jobs using 'parallel' executor
[0.326s] DEBUG:colcon.colcon_parallel_executor.executor.parallel:run_until_complete
[0.326s] INFO:colcon.colcon_ros.task.ament_python.build:Building ROS package in '/home/mayank/Documents/dcist-modeling-human-traits-trial-environment/src/webots_ros2_turtlebot' with build type 'ament_python'
[0.326s] Level 1:colcon.colcon_core.shell:create_environment_hook('webots_ros2_turtlebot', 'ament_prefix_path')
[0.334s] INFO:colcon.colcon_core.plugin_system:Skipping extension 'colcon_core.shell.bat': Not used on non-Windows systems
[0.334s] INFO:colcon.colcon_core.shell:Creating environment hook '/home/mayank/Documents/dcist-modeling-human-traits-trial-environment/install/webots_ros2_turtlebot/share/webots_ros2_turtlebot/hook/ament_prefix_path.ps1'
[0.334s] INFO:colcon.colcon_core.shell:Creating environment descriptor '/home/mayank/Documents/dcist-modeling-human-traits-trial-environment/install/webots_ros2_turtlebot/share/webots_ros2_turtlebot/hook/ament_prefix_path.dsv'
[0.335s] INFO:colcon.colcon_core.shell:Creating environment hook '/home/mayank/Documents/dcist-modeling-human-traits-trial-environment/install/webots_ros2_turtlebot/share/webots_ros2_turtlebot/hook/ament_prefix_path.sh'
[0.336s] INFO:colcon.colcon_core.shell:Skip shell extension 'powershell' for command environment: Not usable outside of PowerShell
[0.336s] DEBUG:colcon.colcon_core.shell:Skip shell extension 'dsv' for command environment
[0.339s] WARNING:colcon.colcon_ros.prefix_path.ament:The path '/home/mayank/Documents/dcist-modeling-human-traits-trial-environment/install/local_ros2_turtlebot' in the environment variable AMENT_PREFIX_PATH doesn't exist
[0.342s] WARNING:colcon.colcon_ros.prefix_path.ament:The path '/home/mayank/ros2_foxy/install/turtlebot3_navigation2' in the environment variable AMENT_PREFIX_PATH doesn't exist
[0.348s] WARNING:colcon.colcon_ros.prefix_path.catkin:The path '/home/mayank/ros2_foxy/install/turtlebot3_navigation2' in the environment variable CMAKE_PREFIX_PATH doesn't exist
[0.356s] DEBUG:colcon.colcon_core.shell:Ignoring prefix path '/opt/ros/foxy'
[0.975s] INFO:colcon.colcon_core.task.python.build:Building Python package in '/home/mayank/Documents/dcist-modeling-human-traits-trial-environment/src/webots_ros2_turtlebot'
[0.976s] INFO:colcon.colcon_core.shell:Skip shell extension 'powershell' for command environment: Not usable outside of PowerShell
[0.976s] DEBUG:colcon.colcon_core.shell:Skip shell extension 'dsv' for command environment
[0.993s] DEBUG:colcon.colcon_core.shell:Ignoring prefix path '/opt/ros/foxy'
[1.001s] DEBUG:colcon.colcon_core.event_handler.log_command:Invoking command in '/home/mayank/Documents/dcist-modeling-human-traits-trial-environment/src/webots_ros2_turtlebot': PYTHONPATH=/home/mayank/Documents/dcist-modeling-human-traits-trial-environment/install/webots_ros2_turtlebot/lib/python3.8/site-packages:${PYTHONPATH} /usr/bin/python3 setup.py egg_info --egg-base ../../build/webots_ros2_turtlebot build --build-base /home/mayank/Documents/dcist-modeling-human-traits-trial-environment/build/webots_ros2_turtlebot/build install --prefix /home/mayank/Documents/dcist-modeling-human-traits-trial-environment/install/webots_ros2_turtlebot --record /home/mayank/Documents/dcist-modeling-human-traits-trial-environment/build/webots_ros2_turtlebot/install.log --single-version-externally-managed
[1.693s] DEBUG:colcon.colcon_core.event_handler.log_command:Invoked command in '/home/mayank/Documents/dcist-modeling-human-traits-trial-environment/src/webots_ros2_turtlebot' returned '0': PYTHONPATH=/home/mayank/Documents/dcist-modeling-human-traits-trial-environment/install/webots_ros2_turtlebot/lib/python3.8/site-packages:${PYTHONPATH} /usr/bin/python3 setup.py egg_info --egg-base ../../build/webots_ros2_turtlebot build --build-base /home/mayank/Documents/dcist-modeling-human-traits-trial-environment/build/webots_ros2_turtlebot/build install --prefix /home/mayank/Documents/dcist-modeling-human-traits-trial-environment/install/webots_ros2_turtlebot --record /home/mayank/Documents/dcist-modeling-human-traits-trial-environment/build/webots_ros2_turtlebot/install.log --single-version-externally-managed
[1.700s] Level 1:colcon.colcon_core.environment:checking '/home/mayank/Documents/dcist-modeling-human-traits-trial-environment/install/webots_ros2_turtlebot' for CMake module files
[1.701s] Level 1:colcon.colcon_core.environment:checking '/home/mayank/Documents/dcist-modeling-human-traits-trial-environment/install/webots_ros2_turtlebot' for CMake config files
[1.701s] Level 1:colcon.colcon_core.environment:checking '/home/mayank/Documents/dcist-modeling-human-traits-trial-environment/install/webots_ros2_turtlebot/lib'
[1.702s] Level 1:colcon.colcon_core.environment:checking '/home/mayank/Documents/dcist-modeling-human-traits-trial-environment/install/webots_ros2_turtlebot/bin'
[1.702s] Level 1:colcon.colcon_core.environment:checking '/home/mayank/Documents/dcist-modeling-human-traits-trial-environment/install/webots_ros2_turtlebot/lib/pkgconfig/webots_ros2_turtlebot.pc'
[1.702s] Level 1:colcon.colcon_core.environment:checking '/home/mayank/Documents/dcist-modeling-human-traits-trial-environment/install/webots_ros2_turtlebot/lib/python3.8/site-packages'
[1.702s] Level 1:colcon.colcon_core.shell:create_environment_hook('webots_ros2_turtlebot', 'pythonpath')
[1.702s] INFO:colcon.colcon_core.shell:Creating environment hook '/home/mayank/Documents/dcist-modeling-human-traits-trial-environment/install/webots_ros2_turtlebot/share/webots_ros2_turtlebot/hook/pythonpath.ps1'
[1.703s] INFO:colcon.colcon_core.shell:Creating environment descriptor '/home/mayank/Documents/dcist-modeling-human-traits-trial-environment/install/webots_ros2_turtlebot/share/webots_ros2_turtlebot/hook/pythonpath.dsv'
[1.703s] INFO:colcon.colcon_core.shell:Creating environment hook '/home/mayank/Documents/dcist-modeling-human-traits-trial-environment/install/webots_ros2_turtlebot/share/webots_ros2_turtlebot/hook/pythonpath.sh'
[1.703s] Level 1:colcon.colcon_core.environment:create_environment_scripts_only(webots_ros2_turtlebot)
[1.704s] INFO:colcon.colcon_core.shell:Creating package script '/home/mayank/Documents/dcist-modeling-human-traits-trial-environment/install/webots_ros2_turtlebot/share/webots_ros2_turtlebot/package.ps1'
[1.704s] INFO:colcon.colcon_core.shell:Creating package descriptor '/home/mayank/Documents/dcist-modeling-human-traits-trial-environment/install/webots_ros2_turtlebot/share/webots_ros2_turtlebot/package.dsv'
[1.705s] INFO:colcon.colcon_core.shell:Creating package script '/home/mayank/Documents/dcist-modeling-human-traits-trial-environment/install/webots_ros2_turtlebot/share/webots_ros2_turtlebot/package.sh'
[1.705s] INFO:colcon.colcon_core.shell:Creating package script '/home/mayank/Documents/dcist-modeling-human-traits-trial-environment/install/webots_ros2_turtlebot/share/webots_ros2_turtlebot/package.bash'
[1.706s] INFO:colcon.colcon_core.shell:Creating package script '/home/mayank/Documents/dcist-modeling-human-traits-trial-environment/install/webots_ros2_turtlebot/share/webots_ros2_turtlebot/package.zsh'
[1.706s] Level 1:colcon.colcon_core.environment:create_file_with_runtime_dependencies(/home/mayank/Documents/dcist-modeling-human-traits-trial-environment/install/webots_ros2_turtlebot/share/colcon-core/packages/webots_ros2_turtlebot)
[1.707s] DEBUG:colcon.colcon_parallel_executor.executor.parallel:closing loop
[1.707s] DEBUG:colcon.colcon_parallel_executor.executor.parallel:loop closed
[1.707s] DEBUG:colcon.colcon_parallel_executor.executor.parallel:run_until_complete finished with '0'
[1.707s] DEBUG:colcon.colcon_core.event_reactor:joining thread
[1.718s] INFO:colcon.colcon_core.plugin_system:Skipping extension 'colcon_notification.desktop_notification.terminal_notifier': Not used on non-Darwin systems
[1.718s] INFO:colcon.colcon_core.plugin_system:Skipping extension 'colcon_notification.desktop_notification.win32': Not used on non-Windows systems
[1.718s] INFO:colcon.colcon_notification.desktop_notification:Sending desktop notification using 'notify2'
[1.730s] DEBUG:colcon.colcon_core.event_reactor:joined thread
[1.731s] INFO:colcon.colcon_core.shell:Creating prefix script '/home/mayank/Documents/dcist-modeling-human-traits-trial-environment/install/local_setup.ps1'
[1.731s] INFO:colcon.colcon_core.shell:Creating prefix util module '/home/mayank/Documents/dcist-modeling-human-traits-trial-environment/install/_local_setup_util_ps1.py'
[1.732s] INFO:colcon.colcon_core.shell:Creating prefix chain script '/home/mayank/Documents/dcist-modeling-human-traits-trial-environment/install/setup.ps1'
[1.746s] INFO:colcon.colcon_core.shell:Creating prefix script '/home/mayank/Documents/dcist-modeling-human-traits-trial-environment/install/local_setup.sh'
[1.746s] INFO:colcon.colcon_core.shell:Creating prefix util module '/home/mayank/Documents/dcist-modeling-human-traits-trial-environment/install/_local_setup_util_sh.py'
[1.746s] INFO:colcon.colcon_core.shell:Creating prefix chain script '/home/mayank/Documents/dcist-modeling-human-traits-trial-environment/install/setup.sh'
[1.759s] INFO:colcon.colcon_core.shell:Creating prefix script '/home/mayank/Documents/dcist-modeling-human-traits-trial-environment/install/local_setup.bash'
[1.760s] INFO:colcon.colcon_core.shell:Creating prefix chain script '/home/mayank/Documents/dcist-modeling-human-traits-trial-environment/install/setup.bash'
[1.772s] INFO:colcon.colcon_core.shell:Creating prefix script '/home/mayank/Documents/dcist-modeling-human-traits-trial-environment/install/local_setup.zsh'
[1.772s] INFO:colcon.colcon_core.shell:Creating prefix chain script '/home/mayank/Documents/dcist-modeling-human-traits-trial-environment/install/setup.zsh'
